生成启动时间为 2018/8/28 15:08:33。
     1>项目“D:\Documents\Visual Studio 2010\Projects\ground\ground\ground.vcxproj”在节点 2 上(build 个目标)。
     1>PrepareForBuild:
         正在创建目录“D:\Documents\Visual Studio 2010\Projects\ground\Debug\”。
       InitializeBuildStatus:
         正在创建“Debug\UV4.unsuccessfulbuild”，因为已指定“AlwaysCreate”。
       ClCompile:
         C:\Program Files (x86)\Microsoft Visual Studio 10.0\VC\bin\CL.exe /c /ZI /nologo /W3 /WX- /Od /Oy- /D WIN32 /D _WINDOWS /D _DEBUG /D _UNICODE /D UNICODE /D _AFXDLL /Gm /EHsc /RTC1 /MDd /GS /fp:precise /Zc:wchar_t /Zc:forScope /Yc"StdAfx.h" /Fp"Debug\UV4.pch" /Fo"Debug\\" /Fd"Debug\vc100.pdb" /Gd /TP /analyze- /errorReport:prompt stdafx.cpp
         stdafx.cpp
         C:\Program Files (x86)\Microsoft Visual Studio 10.0\VC\bin\CL.exe /c /ZI /nologo /W3 /WX- /Od /Oy- /D WIN32 /D _WINDOWS /D _DEBUG /D _UNICODE /D UNICODE /D _AFXDLL /Gm /EHsc /RTC1 /MDd /GS /fp:precise /Zc:wchar_t /Zc:forScope /Yu"StdAfx.h" /Fp"Debug\UV4.pch" /Fo"Debug\\" /Fd"Debug\vc100.pdb" /Gd /TP /analyze- /errorReport:prompt explorer1.cpp ground.cpp groundDlg.cpp mscomm1.cpp
         mscomm1.cpp
         groundDlg.cpp
         ground.cpp
         explorer1.cpp
         正在生成代码...
       ResourceCompile:
         C:\Program Files (x86)\Microsoft SDKs\Windows\v7.0A\bin\rc.exe /D _DEBUG /D _UNICODE /D UNICODE /D _AFXDLL /l"0x0804" /IDebug\ /nologo /fo"Debug\ground.res" ground.rc 
       ManifestResourceCompile:
         C:\Program Files (x86)\Microsoft SDKs\Windows\v7.0A\bin\rc.exe /nologo /fo"Debug\UV4.exe.embed.manifest.res" Debug\UV4_manifest.rc 
       Link:
         C:\Program Files (x86)\Microsoft Visual Studio 10.0\VC\bin\link.exe /ERRORREPORT:PROMPT /OUT:"D:\Documents\Visual Studio 2010\Projects\ground\Debug\UV4.exe" /INCREMENTAL /NOLOGO /MANIFEST /ManifestFile:"Debug\UV4.exe.intermediate.manifest" /MANIFESTUAC:"level='asInvoker' uiAccess='false'" /DEBUG /PDB:"D:\Documents\Visual Studio 2010\Projects\ground\Debug\UV4.pdb" /SUBSYSTEM:WINDOWS /TLBID:1 /ENTRY:"wWinMainCRTStartup" /DYNAMICBASE /NXCOMPAT /IMPLIB:"D:\Documents\Visual Studio 2010\Projects\ground\Debug\UV4.lib" /MACHINE:X86 Debug\ground.res
         Debug\UV4.exe.embed.manifest.res
         Debug\explorer1.obj
         Debug\ground.obj
         Debug\groundDlg.obj
         Debug\mscomm1.obj
         Debug\stdafx.obj
       Manifest:
         C:\Program Files (x86)\Microsoft SDKs\Windows\v7.0A\bin\mt.exe /nologo /verbose /out:"Debug\UV4.exe.embed.manifest" /manifest Debug\UV4.exe.intermediate.manifest "C:\Program Files (x86)\Microsoft Visual Studio 10.0\VC\Include\Manifest\dpiaware.manifest"
         C:\Program Files (x86)\Microsoft SDKs\Windows\v7.0A\bin\rc.exe /nologo /fo"Debug\UV4.exe.embed.manifest.res" Debug\UV4_manifest.rc 
       LinkEmbedManifest:
         C:\Program Files (x86)\Microsoft Visual Studio 10.0\VC\bin\link.exe /ERRORREPORT:PROMPT /OUT:"D:\Documents\Visual Studio 2010\Projects\ground\Debug\UV4.exe" /INCREMENTAL /NOLOGO /MANIFEST /ManifestFile:"Debug\UV4.exe.intermediate.manifest" /MANIFESTUAC:"level='asInvoker' uiAccess='false'" /DEBUG /PDB:"D:\Documents\Visual Studio 2010\Projects\ground\Debug\UV4.pdb" /SUBSYSTEM:WINDOWS /TLBID:1 /ENTRY:"wWinMainCRTStartup" /DYNAMICBASE /NXCOMPAT /IMPLIB:"D:\Documents\Visual Studio 2010\Projects\ground\Debug\UV4.lib" /MACHINE:X86 Debug\ground.res
         Debug\UV4.exe.embed.manifest.res
         Debug\explorer1.obj
         Debug\ground.obj
         Debug\groundDlg.obj
         Debug\mscomm1.obj
         Debug\stdafx.obj
         ground.vcxproj -> D:\Documents\Visual Studio 2010\Projects\ground\Debug\UV4.exe
       FinalizeBuildStatus:
         正在删除文件“Debug\UV4.unsuccessfulbuild”。
         正在对“Debug\UV4.lastbuildstate”执行 Touch 任务。
     1>已完成生成项目“D:\Documents\Visual Studio 2010\Projects\ground\ground\ground.vcxproj”(build 个目标)的操作。

生成成功。

已用时间 00:00:09.05
